<?xml version="1.0" encoding="UTF-8"?>
<!-- Generated by org.testng.reporters.JUnitReportReporter -->
<testsuite hostname="DESKTOP-27L34L8" name="com.mycompany.bowling.CountingOperationsNGTest" tests="22" failures="0" timestamp="21 Nov 2022 13:02:05 GMT" time="0.047" errors="0">
  <testcase name="countOrdinaryPoints_returnsCorrectValue_correctParametersGiven" time="0.000" classname="com.mycompany.bowling.CountingOperationsNGTest"/>
  <testcase name="countStrike_returnsCorrectValue_correctParametersGiven" time="0.000" classname="com.mycompany.bowling.CountingOperationsNGTest"/>
  <testcase name="countSpare_returnsCorrectValue_correctParametersGiven" time="0.000" classname="com.mycompany.bowling.CountingOperationsNGTest"/>
  <testcase name="countRoundPoints_returnsCorrectValues_correctParameterGiven" time="0.000" classname="com.mycompany.bowling.CountingOperationsNGTest"/>
  <testcase name="countStrike_returnsCorrectValue_correctParametersGiven" time="0.000" classname="com.mycompany.bowling.CountingOperationsNGTest"/>
  <testcase name="countRoundPoints_returnsCorrectValues_correctParameterGiven" time="0.000" classname="com.mycompany.bowling.CountingOperationsNGTest"/>
  <testcase name="countRoundPoints_returnsCorrectValues_correctParameterGiven" time="0.000" classname="com.mycompany.bowling.CountingOperationsNGTest"/>
  <testcase name="countSpare_returnsCorrectValue_correctParametersGiven" time="0.000" classname="com.mycompany.bowling.CountingOperationsNGTest"/>
  <testcase name="countOrdinaryPoints_returnsCorrectValue_correctParametersGiven" time="0.031" classname="com.mycompany.bowling.CountingOperationsNGTest"/>
  <testcase name="countRoundPoints_returnsCorrectValues_correctParameterGiven" time="0.000" classname="com.mycompany.bowling.CountingOperationsNGTest"/>
  <testcase name="countStrike_returnsCorrectValue_correctParametersGiven" time="0.000" classname="com.mycompany.bowling.CountingOperationsNGTest"/>
  <testcase name="countStrike_returnsCorrectValue_correctParametersGiven" time="0.016" classname="com.mycompany.bowling.CountingOperationsNGTest"/>
  <testcase name="countSpare_returnsCorrectValue_correctParametersGiven" time="0.000" classname="com.mycompany.bowling.CountingOperationsNGTest"/>
  <testcase name="countSpare_returnsCorrectValue_correctParametersGiven" time="0.000" classname="com.mycompany.bowling.CountingOperationsNGTest"/>
  <testcase name="countStrike_returnsCorrectValue_correctParametersGiven" time="0.000" classname="com.mycompany.bowling.CountingOperationsNGTest"/>
  <testcase name="countStrike_returnsCorrectValue_correctParametersGiven" time="0.000" classname="com.mycompany.bowling.CountingOperationsNGTest"/>
  <testcase name="countOrdinaryPoints_returnsCorrectValue_correctParametersGiven" time="0.000" classname="com.mycompany.bowling.CountingOperationsNGTest"/>
  <testcase name="countSpare_returnsCorrectValue_correctParametersGiven" time="0.000" classname="com.mycompany.bowling.CountingOperationsNGTest"/>
  <testcase name="countOrdinaryPoints_returnsCorrectValue_correctParametersGiven" time="0.000" classname="com.mycompany.bowling.CountingOperationsNGTest"/>
  <testcase name="countStrike_returnsCorrectValue_correctParametersGiven" time="0.000" classname="com.mycompany.bowling.CountingOperationsNGTest"/>
  <testcase name="countRoundPoints_returnsCorrectValues_correctParameterGiven" time="0.000" classname="com.mycompany.bowling.CountingOperationsNGTest"/>
  <testcase name="countSpare_returnsCorrectValue_correctParametersGiven" time="0.000" classname="com.mycompany.bowling.CountingOperationsNGTest"/>
</testsuite> <!-- com.mycompany.bowling.CountingOperationsNGTest -->
