<?xml version="1.0" encoding="UTF-8"?>
<!-- Generated by org.testng.reporters.JUnitReportReporter -->
<testsuite hostname="DESKTOP-27L34L8" name="com.mycompany.bowling.PlayerNGTest" tests="59" failures="0" timestamp="21 Nov 2022 13:02:05 GMT" time="0.032" errors="0">
  <testcase name="getValueSecondThrowInRound_returnsCorrectValues_incorrectParametrsGiven" time="0.000" classname="com.mycompany.bowling.PlayerNGTest"/>
  <testcase name="getValueSecondThrowInRound_returnsCorrectValues_correctParametrsGiven" time="0.000" classname="com.mycompany.bowling.PlayerNGTest"/>
  <testcase name="getValueSecondThrowInRound_returnsCorrectValues_correctParametrsGiven" time="0.000" classname="com.mycompany.bowling.PlayerNGTest"/>
  <testcase name="getValueThirdThrowInRound_returnsCorrectValues_incorrectParametersGiven" time="0.000" classname="com.mycompany.bowling.PlayerNGTest"/>
  <testcase name="getValueFirstThrowInRound_returnsCorrectValues_incorrectParametersGiven" time="0.000" classname="com.mycompany.bowling.PlayerNGTest"/>
  <testcase name="getValueThirdThrowInRound_returnsCorrectValues_incorrectParametersGiven" time="0.000" classname="com.mycompany.bowling.PlayerNGTest"/>
  <testcase name="getValueFirstThrowInRound_returnsCorrectValues_correctParametersGiven" time="0.000" classname="com.mycompany.bowling.PlayerNGTest"/>
  <testcase name="getValueSecondThrowInRound_returnsCorrectValues_correctParametrsGiven" time="0.000" classname="com.mycompany.bowling.PlayerNGTest"/>
  <testcase name="makeThrow_returnsCorrectValues_correctParametersGiven" time="0.000" classname="com.mycompany.bowling.PlayerNGTest"/>
  <testcase name="getValueFirstThrowInRound_returnsCorrectValues_incorrectParametersGiven" time="0.000" classname="com.mycompany.bowling.PlayerNGTest"/>
  <testcase name="getValueSecondThrowInRound_returnsCorrectValues_correctParametrsGiven" time="0.000" classname="com.mycompany.bowling.PlayerNGTest"/>
  <testcase name="getValueThirdThrowInRound_returnsCorrectValues_correctParametersGiven" time="0.000" classname="com.mycompany.bowling.PlayerNGTest"/>
  <testcase name="getValueFirstThrowInRound_returnsCorrectValues_incorrectParametersGiven" time="0.000" classname="com.mycompany.bowling.PlayerNGTest"/>
  <testcase name="getValueSecondThrowInRound_returnsCorrectValues_correctParametrsGiven" time="0.000" classname="com.mycompany.bowling.PlayerNGTest"/>
  <testcase name="makeThrow_returnsCorrectValues_correctParametersGiven" time="0.000" classname="com.mycompany.bowling.PlayerNGTest"/>
  <testcase name="getValueSecondThrowInRound_returnsCorrectValues_correctParametrsGiven" time="0.000" classname="com.mycompany.bowling.PlayerNGTest"/>
  <testcase name="getValueSecondThrowInRound_returnsCorrectValues_incorrectParametrsGiven" time="0.000" classname="com.mycompany.bowling.PlayerNGTest"/>
  <testcase name="makeThrow_returnsCorrectValues_correctParametersGiven" time="0.000" classname="com.mycompany.bowling.PlayerNGTest"/>
  <testcase name="getValueFirstThrowInRound_returnsCorrectValues_incorrectParametersGiven" time="0.000" classname="com.mycompany.bowling.PlayerNGTest"/>
  <testcase name="makeThrow_returnsCorrectValues_correctParametersGiven" time="0.000" classname="com.mycompany.bowling.PlayerNGTest"/>
  <testcase name="getValueThirdThrowInRound_returnsCorrectValues_incorrectParametersGiven" time="0.000" classname="com.mycompany.bowling.PlayerNGTest"/>
  <testcase name="getValueSecondThrowInRound_returnsCorrectValues_correctParametrsGiven" time="0.000" classname="com.mycompany.bowling.PlayerNGTest"/>
  <testcase name="getValueFirstThrowInRound_returnsCorrectValues_correctParametersGiven" time="0.000" classname="com.mycompany.bowling.PlayerNGTest"/>
  <testcase name="getCheckedThrowValue_returnsCorrectValues_incorrectParametrsGiven" time="0.000" classname="com.mycompany.bowling.PlayerNGTest"/>
  <testcase name="getValueSecondThrowInRound_returnsCorrectValues_correctParametrsGiven" time="0.000" classname="com.mycompany.bowling.PlayerNGTest"/>
  <testcase name="getValueThirdThrowInRound_returnsCorrectValues_correctParametersGiven" time="0.000" classname="com.mycompany.bowling.PlayerNGTest"/>
  <testcase name="getValueThirdThrowInRound_returnsCorrectValues_correctParametersGiven" time="0.000" classname="com.mycompany.bowling.PlayerNGTest"/>
  <testcase name="makeThrow_returnsCorrectValues_correctParametersGiven" time="0.000" classname="com.mycompany.bowling.PlayerNGTest"/>
  <testcase name="getCheckedThrowValue_returnsCorrectValues_incorrectParametrsGiven" time="0.000" classname="com.mycompany.bowling.PlayerNGTest"/>
  <testcase name="getValueSecondThrowInRound_returnsCorrectValues_correctParametrsGiven" time="0.000" classname="com.mycompany.bowling.PlayerNGTest"/>
  <testcase name="getValueSecondThrowInRound_returnsCorrectValues_incorrectParametrsGiven" time="0.000" classname="com.mycompany.bowling.PlayerNGTest"/>
  <testcase name="makeThrow_returnsCorrectValues_correctParametersGiven" time="0.000" classname="com.mycompany.bowling.PlayerNGTest"/>
  <testcase name="makeThrow_returnsCorrectValues_correctParametersGiven" time="0.000" classname="com.mycompany.bowling.PlayerNGTest"/>
  <testcase name="getValueSecondThrowInRound_returnsCorrectValues_incorrectParametrsGiven" time="0.000" classname="com.mycompany.bowling.PlayerNGTest"/>
  <testcase name="getValueSecondThrowInRound_returnsCorrectValues_correctParametrsGiven" time="0.000" classname="com.mycompany.bowling.PlayerNGTest"/>
  <testcase name="getCheckedThrowValue_returnsCorrectValues_incorrectParametrsGiven" time="0.000" classname="com.mycompany.bowling.PlayerNGTest"/>
  <testcase name="getValueThirdThrowInRound_returnsCorrectValues_incorrectParametersGiven" time="0.000" classname="com.mycompany.bowling.PlayerNGTest"/>
  <testcase name="getValueThirdThrowInRound_returnsCorrectValues_correctParametersGiven" time="0.000" classname="com.mycompany.bowling.PlayerNGTest"/>
  <testcase name="getValueThirdThrowInRound_returnsCorrectValues_correctParametersGiven" time="0.000" classname="com.mycompany.bowling.PlayerNGTest"/>
  <testcase name="makeThrow_returnsCorrectValues_correctParametersGiven" time="0.016" classname="com.mycompany.bowling.PlayerNGTest"/>
  <testcase name="getValueSecondThrowInRound_returnsCorrectValues_incorrectParametrsGiven" time="0.000" classname="com.mycompany.bowling.PlayerNGTest"/>
  <testcase name="getValueFirstThrowInRound_returnsCorrectValues_incorrectParametersGiven" time="0.000" classname="com.mycompany.bowling.PlayerNGTest"/>
  <testcase name="getCheckedThrowValue_returnsCorrectValues_correctParametrsGiven" time="0.000" classname="com.mycompany.bowling.PlayerNGTest"/>
  <testcase name="getCheckedThrowValue_returnsCorrectValues_correctParametrsGiven" time="0.000" classname="com.mycompany.bowling.PlayerNGTest"/>
  <testcase name="makeThrow_returnsCorrectValues_correctParametersGiven" time="0.000" classname="com.mycompany.bowling.PlayerNGTest"/>
  <testcase name="getValueThirdThrowInRound_returnsCorrectValues_correctParametersGiven" time="0.000" classname="com.mycompany.bowling.PlayerNGTest"/>
  <testcase name="getValueSecondThrowInRound_returnsCorrectValues_correctParametrsGiven" time="0.000" classname="com.mycompany.bowling.PlayerNGTest"/>
  <testcase name="getValueFirstThrowInRound_returnsCorrectValues_correctParametersGiven" time="0.000" classname="com.mycompany.bowling.PlayerNGTest"/>
  <testcase name="makeThrow_returnsCorrectValues_correctParametersGiven" time="0.000" classname="com.mycompany.bowling.PlayerNGTest"/>
  <testcase name="makeThrow_returnsCorrectValues_correctParametersGiven" time="0.000" classname="com.mycompany.bowling.PlayerNGTest"/>
  <testcase name="getCheckedThrowValue_returnsCorrectValues_incorrectParametrsGiven" time="0.016" classname="com.mycompany.bowling.PlayerNGTest"/>
  <testcase name="getCheckedThrowValue_returnsCorrectValues_incorrectParametrsGiven" time="0.000" classname="com.mycompany.bowling.PlayerNGTest"/>
  <testcase name="getCheckedThrowValue_returnsCorrectValues_incorrectParametrsGiven" time="0.000" classname="com.mycompany.bowling.PlayerNGTest"/>
  <testcase name="getValueFirstThrowInRound_returnsCorrectValues_incorrectParametersGiven" time="0.000" classname="com.mycompany.bowling.PlayerNGTest"/>
  <testcase name="makeThrow_returnsCorrectValues_correctParametersGiven" time="0.000" classname="com.mycompany.bowling.PlayerNGTest"/>
  <testcase name="makeThrow_returnsCorrectValues_correctParametersGiven" time="0.000" classname="com.mycompany.bowling.PlayerNGTest"/>
  <testcase name="getValueSecondThrowInRound_returnsCorrectValues_incorrectParametrsGiven" time="0.000" classname="com.mycompany.bowling.PlayerNGTest"/>
  <testcase name="getCheckedThrowValue_returnsCorrectValues_correctParametrsGiven" time="0.000" classname="com.mycompany.bowling.PlayerNGTest"/>
  <testcase name="getValueFirstThrowInRound_returnsCorrectValues_incorrectParametersGiven" time="0.000" classname="com.mycompany.bowling.PlayerNGTest"/>
</testsuite> <!-- com.mycompany.bowling.PlayerNGTest -->
